ruby getPR.rb --run HW-integration 
will run HW-integration
select branches are ["LucileRog-master", "NesrineElCheikh-master", "PaulineCorblet-my-version", "gustavek-mybranch", "opmc2-master", "tereza-v-master", "theodrd-master", "turandotCN-master", "youbesh-master"]
attempting to run code on LucileRog-master
Switched to branch 'LucileRog-master'
running all questions of HW-integration:

Results of question 1:
----------------------
Gauss Legendre Quadrature solution : 3.99999999979232
Plot(...)Monte Carlo solution : 3.991000331879532
Plot(...)Pseudo Monte-Carlo solution : 3.8882709164930827
Plot(...)
Results of question 2:
----------------------
Expected Equilibrium Price (Gauss-Hermite method): 1.0037601767896922
Variance of the Equilibium Price:0.8170049167898916
Expected Equilibrium Price (Monte-Carlo method) : 1.010697830552321
Variance of the Equilibium Price (Monte-Carlo method):0.8179252945963178
done with LucileRog-master
==================================

attempting to run code on NesrineElCheikh-master
Switched to branch 'NesrineElCheikh-master'
ERROR: LoadError: MethodError: no method matching runall()
Closest candidates are:
  runall(!Matched::Any) at /Users/florian.oswald/Dropbox/teaching/scpo/ScPo-CompEcon/HW-integration/src/HW_int.jl:50
 in include_from_node1(::String) at ./loading.jl:488
 in include_from_node1(::String) at /Applications/Julia-0.5.app/Contents/Resources/julia/lib/julia/sys.dylib:?
 in eval(::Module, ::Any) at ./boot.jl:234
 in eval(::Module, ::Any) at /Applications/Julia-0.5.app/Contents/Resources/julia/lib/julia/sys.dylib:?
 in process_options(::Base.JLOptions) at ./client.jl:239
 in _start() at ./client.jl:318
 in _start() at /Applications/Julia-0.5.app/Contents/Resources/julia/lib/julia/sys.dylib:?
while loading /Users/florian.oswald/Dropbox/teaching/scpo/ScPo-CompEcon/HW-integration/run.jl, in expression starting on line 4

done with NesrineElCheikh-master
==================================

attempting to run code on PaulineCorblet-my-version
Switched to branch 'PaulineCorblet-my-version'
running all questions of HW-integration:
results of question 1:
Gauss-Legendre yields:
3.9999999997923195
And its graph is:
Plot(...)Monte Carlo yields:
3.7404338121257488
And its graph is:
Plot(...)Quasi Monte Carlo yields:
3.8882709164930827
And its graph is:
Plot(...)
results of question 2a:
Expectation with Gauss Hermite is:
1.00501356731174
And variance is:
0.5897515295352495
results of question 2b:
Expectation with Monte Carlo is:
1.0365303488695843
And variance is:
0.5896504525501887
end of HW-integration
done with PaulineCorblet-my-version
==================================

attempting to run code on gustavek-mybranch
Switched to branch 'gustavek-mybranch'
running all questions of HW-integration:
results of question 1:

results of question 2:
nothing
nothing
end of HW-integration
done with gustavek-mybranch
==================================

attempting to run code on opmc2-master
Switched to branch 'opmc2-master'
running all questions of HW-integration:
results of question 1:
The numerical integral using 10 nodes via Legendre is 3.9999999997923195
The approximation error when the sample size is 10 is 2.0768053943243103e-10
The numerical integral using 10 nodes via Monte Carlo integration is 4.262018207528858
The approximation error when the sample size is 10 is 0.2620182075288584
The numerical integral using 10 nodes via Pseudo Monte-Carlo is 3.9251039995545582
The approximation error when the sample size is 10 is 0.07489600044544176

results of question 2:
The expected price is 1.008205243945249 with variance 0.00914240100421794 when n = 10, using Gaussian quadrature with Gauss-Hermite weights.
(1.008205243945249,0.00914240100421794)
The expected price is 1.024126536198799, with variance 0.01080748126290686 when n = 10, using Monte-Carlo integration.
(1.024126536198799,0.01080748126290686)
end of HW-integration
done with opmc2-master
==================================

attempting to run code on tereza-v-master
Switched to branch 'tereza-v-master'
ERROR: LoadError: MethodError: no method matching runall()
Closest candidates are:
  runall(!Matched::Any) at /Users/florian.oswald/Dropbox/teaching/scpo/ScPo-CompEcon/HW-integration/src/HW_int.jl:194
 in include_from_node1(::String) at ./loading.jl:488
 in include_from_node1(::String) at /Applications/Julia-0.5.app/Contents/Resources/julia/lib/julia/sys.dylib:?
 in eval(::Module, ::Any) at ./boot.jl:234
 in eval(::Module, ::Any) at /Applications/Julia-0.5.app/Contents/Resources/julia/lib/julia/sys.dylib:?
 in process_options(::Base.JLOptions) at ./client.jl:239
 in _start() at ./client.jl:318
 in _start() at /Applications/Julia-0.5.app/Contents/Resources/julia/lib/julia/sys.dylib:?
while loading /Users/florian.oswald/Dropbox/teaching/scpo/ScPo-CompEcon/HW-integration/run.jl, in expression starting on line 4

done with tereza-v-master
==================================

attempting to run code on theodrd-master
Switched to branch 'theodrd-master'
running all questions of HW-integration:
results of question 1:
Integral approximation, gauss-legendre, for 10 points: 3.99999999979232
Integral approximation, monte-carlo, for 10 points: 4.266367170317983
Integral approximation, quasi-monte-carlo, for 10 points: 3.8882709164930818

results of question 2:
Gauss-Hermite integration with 10 points yields 
 Expectation : 1.008000584403248
 Variance : 0.0114075500001245
Monte carlo integration with 10 points yields 
 Expectation : 1.0138523667286519
 Variance : 0.011771251994900034
Careful, plotting the solution of question 2 takes time

Comparison of the integration method for question 12
done with theodrd-master
==================================

attempting to run code on turandotCN-master
Switched to branch 'turandotCN-master'
ERROR: LoadError: LoadError: syntax: extra token "do" after end of expression
 in include_from_node1(::String) at ./loading.jl:488
 in include_from_node1(::String) at /Applications/Julia-0.5.app/Contents/Resources/julia/lib/julia/sys.dylib:?
 in include_from_node1(::String) at ./loading.jl:488
 in include_from_node1(::String) at /Applications/Julia-0.5.app/Contents/Resources/julia/lib/julia/sys.dylib:?
 in eval(::Module, ::Any) at ./boot.jl:234
 in eval(::Module, ::Any) at /Applications/Julia-0.5.app/Contents/Resources/julia/lib/julia/sys.dylib:?
 in process_options(::Base.JLOptions) at ./client.jl:239
 in _start() at ./client.jl:318
 in _start() at /Applications/Julia-0.5.app/Contents/Resources/julia/lib/julia/sys.dylib:?
while loading /Users/florian.oswald/Dropbox/teaching/scpo/ScPo-CompEcon/HW-integration/src/HW_int.jl, in expression starting on line 61
while loading /Users/florian.oswald/Dropbox/teaching/scpo/ScPo-CompEcon/HW-integration/run.jl, in expression starting on line 3

done with turandotCN-master
==================================

attempting to run code on youbesh-master
Switched to branch 'youbesh-master'
ERROR: LoadError: MethodError: no method matching runall()
Closest candidates are:
  runall(!Matched::Any) at /Users/florian.oswald/Dropbox/teaching/scpo/ScPo-CompEcon/HW-integration/src/HW_int.jl:106
 in include_from_node1(::String) at ./loading.jl:488
 in include_from_node1(::String) at /Applications/Julia-0.5.app/Contents/Resources/julia/lib/julia/sys.dylib:?
 in eval(::Module, ::Any) at ./boot.jl:234
 in eval(::Module, ::Any) at /Applications/Julia-0.5.app/Contents/Resources/julia/lib/julia/sys.dylib:?
 in process_options(::Base.JLOptions) at ./client.jl:239
 in _start() at ./client.jl:318
 in _start() at /Applications/Julia-0.5.app/Contents/Resources/julia/lib/julia/sys.dylib:?
while loading /Users/florian.oswald/Dropbox/teaching/scpo/ScPo-CompEcon/HW-integration/run.jl, in expression starting on line 4

done with youbesh-master
==================================

ran all branches